주제를 하나 달랐더니,
초기 설정에 대한 자동화 툴을 써 달라고 한다.

음...
dev-ops에 대해 곁들여 쓰면 되겠다.

사실 답은 "영어를 공부해" 였지만,
영어를 잘 하는 사람도 설정에 시간이 들기는 하다.

egovframework에 pasta라는 tool이 있어서 아마도 docker 같은 걸로 설치를 하게 해 놓았나 본데,
잘은 안 되는 모양이다.

egovframe에 대해 이빨을 까면서 docker, openstack등 container가상화와 cloud의 차이등에 대해서 써 보자.
그리고, 왜 요즘 사람들이 eclipse를 안 쓰는지에 대해서도...

최근에는 ES(elastic search)에 한글 패치를 더해서 검색엔진이라고 팔아먹는 회사들이 더 늘은 듯 싶다.
물론 대부분 SSD도 안 달린 싸구려 서버 여러대를 머신러닝이나 검색엔진을 만든다는 미명하에
두 세배 즈음 뻥튀기 판매를 하는게 유행이다 보니 생긴 일인 듯 싶다.

기존의 공룡이었던 하드웨어 업체들에 있던 영업들이 붙어서 여전히 깡통을 처분하듯 정부에 밀어넣고 있는 것이다.
현실은 안타깝지만, 어쨌건 어처구니 없이 검색엔진(solr, ES)이나 스파크, 텐서플로(tensorflow) 같은 것은 중학교 수준으로 개발해야 한다.
물론 재밌고 아름답게 만들 수도 있지만, 이미 만들어 놓은 것이 20년 전 프로그래머이기 때문에 어쩔 수 없을 것이다.

문제는 나 역시 옛날 프로그래머로 저런 기술들을 이름만 알고 있는 수준이라,
기술적으로는 별 도움이 안 될 것이고, 그냥 씹으면서 욕하는 것으로 대리만족을 하자.

어쨌건,
openstack, ES, spark 같은 것들이 주제이다.

어라? 아니었나?
개발 환경 설정 자동화가 주제였나?
saas, paas, egov의 pasta(?), docker?

어쨌건 최신 환경을 광범위하게 돌려까기를 하면 되겠다.
