2012년 노벨 경제학상은 시장의 수요와 공급을 효율적으로 매칭시키는 알고리즘으로,
노벨상 수상후의 강연에서는 레지던트 - 병원을 효율적으로 매칭시키는 가상적인 시장 형성을 예로 들었다.

1.
SI 에서도 이런 방식을 써야 한다는 생각이 든다.
현재의 방식은 규모가 있는 사업자가 전문적으로 제안서를 쓰는 사람을 고용하여,
성공하면 1~3%를 떼어주는 방식으로 시장을 잠식하고 있다.
이런 사업자는 자신이 투자여력이 된다는 이유로 SI사업들을 많이 수주하고,
그것을 수주하지 못한 작은 회사들에게 실행하게 하면서 중간에 30~40%의 마진을 챙겨간다.

작은 회사들은 얼마 되지 않는 돈으로 SI 제안서를 써 보지만 번번히 실패하게 된다.
어쩔 수 없이 큰 회사들이 챙겨놓은 SI사업을 본래 가격의 6~70% 수준의 금액을 받고 받아들이는데,
결국 실적도 큰 회사에게만 쌓이고, 금액도 형편없는 수준에, 개발자들도 마더 업체 쪽으로 등록을 해서 진행하기 때문에
점점 더 사정이 악화된다.
개발자를 마더 업체에 등록하는 것은, 사실 재하청을 방지하기 위해 만들어진 조건이지만,
여전히 큰 회사들이 개발자 없이 실적과 회사규모로 일감 장사를 하는데 오히려 도움을 주고 있다.

이에 따라서 강소기업이 모두 무너지고, 일거리를 손에 쥔 대형 SI들이 갑질을 하는 것이 한국의 SI이다.

2.
작은 SI 회사들에 소속되어 있는 개발자들은 사실상 중계료를 많이 챙기는 헤드헌터사에 소속된 것과 마찬가지이다.
SI 프로젝트들은 보통 3~12개월 정도 어딘가로 출퇴근 하며 진행되는데,
이렇게 나가 있는 기간 동안 본사의 지원은 거의 없다.
한 두번 회식 자리나 있고, 마더사의 갑질로 지나친 야근 지나치게 하면 위로 해 주는 정도이다.

회사 역시 힘들기는 마찬가지인데,
개발자가 돌아왔을 때 나갈 수 있는 프로젝트가 없어서 1~2개월을 내부에서 쉬게 되면,
아무리 인건비에서 10~20%를 떼었다고 해도 2~3개월 만에 적자가 나고,
이것이 쌓이면 회사를 닫게 된다.
물론 그렇기 때문에 큰 SI 회사가 내려주는 사업이라는 바닷물을 마실 수 밖에 없다.

3.
이런 문제들이 쌓이면 제안서 작업자, 마더 SI회사, 작은 SI회사의 중간 마진으로 사라진 금액이 40~50%에 달하고,
실질적으로 프로젝트에 투입되는 금액은 5~60%로 진행을 해야 하기 때문에,
작은 SI사는 한 두 단계 낮은 실력의 적게 받는 인원들을 투입하고,
개발자는 적은 인원, 능력이 부족한 팀원, 박봉에 시달리며 개발을 하게 된다.
또한 프로젝트에 투입되는 금액이 적기 때문에 매니저와 기획자를 더 적은 시간동안 투입한다.
개발자에게 그들이 해야하는 커뮤니케이션, 기획, 문서작성등을 나누어 지게 하면서,
실질적으로 순수 개발에 투입되는 인건비를 금액으로 환산하면 프로젝트 금액의 20~30% 정도이다.

4.
이런 금액으로 프로젝트에서 정상적인 프로그램이 나올 리가 없으므로,
열악한 개발환경과 문서등이 나오게 되고,
이는 다음 프로젝트에 영향을 주게 되어서,
보통 이전 프로젝트의 엉망인 코드와 문서로 인해 기존 프로그램을 파악하는 시간은 점점 더 길어지고,
실질적으로 프로그램을 만들어 내는 시간은 반으로 줄어 프로젝트 금액의 10~15%가 된다.

현재 한국의 프로그램은 개발자 중심의 프로젝트의 10 ~ 20%정도의 금액으로 만들었다고 보면 거의 정확하며,
실질적으로는 그런 그액을 투입한데 비해서는 조금 나은 프로그램이라고도 할 수 있다.
2억짜리 SI 사업으로 만들어진 프로그램은 실질적으로 2000만원 ~ 4000만원짜리 개발자 중심의 결과물보다 조금 나은 수준이 된다.


5.
공공이관이든, 일반 사업체든,
SI 프로젝트에 필요한 인력을 바로 매칭하여 진행할 필요가 있다.
매칭 알고리즘을 사용하면, 사실상 프로젝트 중계로 돈을 떼 먹는 기업들을 일소할 수 있다.
심지어 SI업체들도 없애고, 개발자와 프로젝트를 바로 연결시킬 수 있다.
무엇보다 공공기관은 좋은 품질의 소프트웨어를 사용할 수 있고,
개발자는 중간 업체가 돈을 떼어가고, 야근과 주말 근무에 시달리지 않아도 된다.

6.
이제 실질적인 선순위 교환 알고리즘을 예시해 보자.

--- 프로젝트 1
주제: 홍보 시스템
지역: 서울 서부
필요 인원:
  프로젝트 매니저 - 3MM * 1인
  기획자 - 4MM * 1인
  개발자 - 4MM * 3인
  디자이너 - 2MM * 1인
  퍼블리셔 - 3MM * 1인

--- 프로젝트 2
주제: 예약 시스템
지역: 인천 남동구
필요 인원:
  프로젝트 매니저 - 2MM * 1인
  기획자 - 2MM * 1인
  개발자 - 3MM * 3인
  디자이너 - 0.5MM * 1인
  퍼블리셔 - 0.5MM * 1인

===================

--- 프로젝트 매니저 1
지역: 서울 금천구
선호 주제: ERP, CRM, Homepage

--- 프로젝트 매니저 2
선호 주제: Portal, News
지역: 서울 종로구

--- 프로젝트 매니저 3
선호 주제: CRM, 예약시스템
지역: 서울 동대문구

--- 프로젝트 매니저 4
지역: 인천 서구
선호 주제: News, Homepage

===================

주제와 지역은 프로젝트와 인력의 선호 순으로 배치 하였다.

처음에는
매니저 1 -> 프로젝트 2
매니저 2 -> 프로젝트 1
매니저 3 -> 프로젝트 1
매니저 4 -> 프로젝트 2
,
프로젝트 1 -> 매니저 3
프로젝트 2 -> 매니저 3

으로 매칭이 되어
프로젝트 1과 매니저 3을 매칭시키고,

매니저 2는 프로젝트 2를,
프로젝트 2 는 다음으로 가장 선호하는 매니저 1을 선택하고,
결국 프로젝트2 <-> 매니저 1로 매칭시킨다.

===================

이런 시스템을 만든다면,
마더사와 하청사에 의해 파괴된 시장을 복구할 수 있으며,
개발자들이 자신이 속한 회사에 의해서 출근시간 2시간 거리를 출퇴근 하거나,
원하지도 않는 주제로 개발을 하지 않을 수 있다.

SI의 특성상 90% 이상의 개발자들이 어차피 본사가 보내는 대로 연차에 따라 배정받은 일을 하는 것이기 때문에,
위의 방법으로 더 나은 개발자들을 모아서 SI작업을 진행할 수 있고,
프로젝트를 책임지고 진행시킬 10% 정도의 예산만 프로젝트 방향성 관리에 사용 하면 된다.

이전 방식의 해악을 생각했을 때,
실질적으로 원하는 개발을 가까운 곳에서 하게 됐을 때의 개발 품질은 매우 올라갈 것이다.


7. 
실질적으로 SI개발자들과 프로젝트를 매칭시켜주는 프로그램을 만드는 것은,
상기한 알고리즘을 가지고 AI시스템으로 점차 더 많은 고려사항들을 포함시킨다고 해도
10억 정도면 충분할 것이다.

오히려 현재 개발을 발주하는 공공기관 쪽이 스스로 가지고 있다고 믿는 권력을 내려놓고,
개발된 배분 프로그램에 참여하게 하는 하는 것이 어려울 수 있다.
그들도 발주를 하고 선정을 하는 동안 관행처럼 받아온 무언가를 놓치기 싫을 테니 말이다.
