
// 일단 여기에 구심력을 설명한다.


일단, 개발자는

6000(500/month) 인 경우

개발자 급여(회사 4대보험 포함)
450 550 650 750

소프트웨어 산정 쪽은
440 500 640 840

750에 받아서 250을 뗀 경우 = 실질적으로 1/3인 경우

4대보험 + 퇴직급여 = 되돌려 주는 돈
50 + 40(500 / 12개월) = 90

250 - 90 = 160

이렇게 계산하면

160 / 750 * 100 = 21.3 %
의 매니지먼트 남는 돈이 된다?
개발자가 주는 management비용이 되기도 한다.

500 + 90 / 750 = 78.6 %
개발자가 받는 것은

따라서 
840 이면 160 + 90 = 250 으로 회사가 250을 받아가고, 500을(590) 개발자에게 줄 수 있다.
이 부분은 회사의 역량으로 잘 하면 되겠다....
그래도 사기이므로, 개발자는 떠날 것이다.

대략적인 월 -> 연봉은
700 -> 8400
750 -> 9000
800 -> 9600

// 여기에 프리랜서 쪽의 계산법을 쓴다.

