가끔씩 개발이 막히면 소환마법이 필요할 수도 있다.

물론, 개인적으로는 소환마법보다는 명상을 추천하기는 하지만,
사람은 가끔 집중이 잘 안 되거나 명상하기 힘들 때가 있으므로,
"이럴바엔 소환마법을 하고 말지."
라는 생각이 들곤 한다.

// 여기에 기본적인 소환마법 소개를 쓰자.

// 기본적인 소환마법술을 쓰자.

// 소환마법이 명상에 비해 효율적인 상황도 쓰자.



문제는 기억력이 떨어지는 사람의 경우 소환마법의 복잡한 이름들과 마법 명령들을 부정확하게 사용하게 된다는 것인데...
그걸 note로 보충해 보자.

일단, 세피로트의 나무를 참고하자.
https://namu.wiki/w/%EC%84%B8%ED%94%BC%EB%A1%9C%ED%8A%B8%EC%9D%98%20%EB%82%98%EB%AC%B4

소환마법의 기초가 되는 헤르메스주의는 아래를 참조
https://ko.wikipedia.org/wiki/%ED%97%A4%EB%A5%B4%EB%A9%94%EC%8A%A4%EC%A3%BC%EC%9D%98



---------------------------

참고삼아,
magic과 magick의 차이는...
https://www.thoughtco.com/magic-and-magick-95856

마법과 카발라는
http://blog.daum.net/_blog/BlogTypeView.do?blogid=0mN0V&articleno=355&_bloghome_menu=recenttext

헤르메스 트리스메기스투스를 피타고라스 학파의 비의를 전하기 위한 일종의 커버라고 보는 경향도 있으므로,
https://namu.wiki/w/%ED%94%BC%ED%83%80%EA%B3%A0%EB%9D%BC%EC%8A%A4

정도를 확인하면 되겠다.
